2017-03-02 17:03:54,895 - ResourceManager.getResource() parse exception
org.apache.velocity.exception.ParseErrorException: Lexical error,   Encountered: "\"" (34), after : "\\" at ./src/test/java/com/wikia/webdriver/common/velocitytemplates/header.vm[line 22, column 42]
	at org.apache.velocity.Template.process(Template.java:151)
	at org.apache.velocity.runtime.resource.ResourceManagerImpl.loadResource(ResourceManagerImpl.java:437)
	at org.apache.velocity.runtime.resource.ResourceManagerImpl.getResource(ResourceManagerImpl.java:352)
	at org.apache.velocity.runtime.RuntimeInstance.getTemplate(RuntimeInstance.java:1533)
	at org.apache.velocity.runtime.RuntimeInstance.getTemplate(RuntimeInstance.java:1514)
	at org.apache.velocity.app.VelocityEngine.getTemplate(VelocityEngine.java:373)
	at com.wikia.webdriver.common.logging.VelocityWrapper.appendHeader(VelocityWrapper.java:165)
	at com.wikia.webdriver.common.logging.PageObjectLogging.onStart(PageObjectLogging.java:477)
	at org.testng.TestRunner.fireEvent(TestRunner.java:1251)
	at org.testng.TestRunner.beforeRun(TestRunner.java:642)
	at org.testng.TestRunner.run(TestRunner.java:615)
	at org.testng.SuiteRunner.runTest(SuiteRunner.java:357)
	at org.testng.SuiteRunner.runSequentially(SuiteRunner.java:352)
	at org.testng.SuiteRunner.privateRun(SuiteRunner.java:310)
	at org.testng.SuiteRunner.run(SuiteRunner.java:259)
	at org.testng.SuiteRunnerWorker.runSuite(SuiteRunnerWorker.java:52)
	at org.testng.SuiteRunnerWorker.run(SuiteRunnerWorker.java:86)
	at org.testng.TestNG.runSuitesSequentially(TestNG.java:1185)
	at org.testng.TestNG.runSuitesLocally(TestNG.java:1110)
	at org.testng.TestNG.run(TestNG.java:1018)
	at org.testng.IDEARemoteTestNG.run(IDEARemoteTestNG.java:72)
	at org.testng.RemoteTestNGStarter.main(RemoteTestNGStarter.java:124)
	at sun.reflect.NativeMethodAccessorImpl.invoke0(Native Method)
	at sun.reflect.NativeMethodAccessorImpl.invoke(NativeMethodAccessorImpl.java:62)
	at sun.reflect.DelegatingMethodAccessorImpl.invoke(DelegatingMethodAccessorImpl.java:43)
	at java.lang.reflect.Method.invoke(Method.java:498)
	at com.intellij.rt.execution.application.AppMain.main(AppMain.java:147)
